
**** Build of configuration Debug for project monitora_1_chave_ISR ****

/Applications/ti/ccsv8/utils/bin/gmake -k -j 3 all -O 
 
Building file: "../main.c"
Invoking: MSP430 Compiler
"/Applications/ti/ccsv8/tools/compiler/ti-cgt-msp430_18.1.1.LTS/bin/cl430" -vmspx --data_model=restricted --use_hw_mpy=F5 --include_path="/Applications/ti/ccsv8/ccs_base/msp430/include" --include_path="/Users/fernanda/Documents/workspace/monitora_1_chave_ISR" --include_path="/Applications/ti/ccsv8/tools/compiler/ti-cgt-msp430_18.1.1.LTS/include" --advice:power=all --define=__MSP430F5529__ -g --printf_support=minimal --diag_warning=225 --diag_wrap=off --display_error_number --silicon_errata=CPU21 --silicon_errata=CPU22 --silicon_errata=CPU23 --silicon_errata=CPU40 --preproc_with_compile --preproc_dependency="main.d_raw"  "../main.c"
"../main.c", line 28: remark #1544-D: (ULP 13.1) Detected loop counting up. Recommend loops count down as detecting zeros is easier
"../main.c", line 28: remark #1527-D: (ULP 2.1) Detected SW delay loop using empty loop. Recommend using a timer module instead
"../main.c", line 36: remark #1527-D: (ULP 2.1) Detected SW delay loop using empty loop. Recommend using a timer module instead
"../main.c", line 41: remark #1538-D: (ULP 10.1) ISR botao1 calls function debounce. Recommend moving function call away from ISR, or inlining the function, or using pragmas
"../main.c", line 56: remark #1538-D: (ULP 10.1) ISR botao2 calls function debounce. Recommend moving function call away from ISR, or inlining the function, or using pragmas
Finished building: "../main.c"
 
Building target: "monitora_1_chave_ISR.out"
Invoking: MSP430 Linker
"/Applications/ti/ccsv8/tools/compiler/ti-cgt-msp430_18.1.1.LTS/bin/cl430" -vmspx --data_model=restricted --use_hw_mpy=F5 --advice:power=all --define=__MSP430F5529__ -g --printf_support=minimal --diag_warning=225 --diag_wrap=off --display_error_number --silicon_errata=CPU21 --silicon_errata=CPU22 --silicon_errata=CPU23 --silicon_errata=CPU40 -z -m"monitora_1_chave_ISR.map" --heap_size=160 --stack_size=160 --cinit_hold_wdt=on -i"/Applications/ti/ccsv8/ccs_base/msp430/include" -i"/Applications/ti/ccsv8/ccs_base/msp430/lib/5xx_6xx_FRxx" -i"/Applications/ti/ccsv8/tools/compiler/ti-cgt-msp430_18.1.1.LTS/lib" -i"/Applications/ti/ccsv8/tools/compiler/ti-cgt-msp430_18.1.1.LTS/include" --reread_libs --diag_wrap=off --display_error_number --warn_sections --xml_link_info="monitora_1_chave_ISR_linkInfo.xml" --use_hw_mpy=F5 --rom_model -o "monitora_1_chave_ISR.out" "./main.obj" "../lnk_msp430f5529.cmd"  -llibmath.a -llibc.a 
<Linking>
remark #10371-D: (ULP 1.1) Detected no uses of low power mode state changing instructions
remark #10372-D: (ULP 4.1) Detected uninitialized Port B in this project. Recommend initializing all unused ports to eliminate wasted current consumption on unused pins.
remark #10372-D: (ULP 4.1) Detected uninitialized Port C in this project. Recommend initializing all unused ports to eliminate wasted current consumption on unused pins.
remark #10372-D: (ULP 4.1) Detected uninitialized Port D in this project. Recommend initializing all unused ports to eliminate wasted current consumption on unused pins.
Finished building target: "monitora_1_chave_ISR.out"
 

**** Build Finished ****
